Connecting to database specified by database.yml
Connecting to database specified by database.yml
  [1m[36m (0.1ms)[0m  [1mselect sqlite_version(*)[0m
  [1m[35m (2.0ms)[0m  CREATE TABLE "schema_migrations" ("version" varchar(255) NOT NULL) 
  [1m[36m (1.4ms)[0m  [1mCREATE UNIQUE INDEX "unique_schema_migrations" ON "schema_migrations" ("version")[0m
  [1m[35m (1.2ms)[0m  SELECT "schema_migrations"."version" FROM "schema_migrations" 
Migrating to CreateContacts (20130620020742)
  [1m[36m (0.0ms)[0m  [1mbegin transaction[0m
  [1m[35m (0.4ms)[0m  CREATE TABLE "contacts" ("id" INTEGER PRIMARY KEY AUTOINCREMENT NOT NULL, "name" varchar(255), "telephone" varchar(255), "address" text, "created_at" datetime NOT NULL, "updated_at" datetime NOT NULL) 
  [1m[36m (0.1ms)[0m  [1mINSERT INTO "schema_migrations" ("version") VALUES ('20130620020742')[0m
  [1m[35m (1.6ms)[0m  commit transaction
  [1m[36m (0.1ms)[0m  [1mSELECT "schema_migrations"."version" FROM "schema_migrations" [0m
Connecting to database specified by database.yml


Started GET "/assets/rails.png" for 127.0.0.1 at 2013-06-20 07:40:42 +0530
Served asset /rails.png - 304 Not Modified (17ms)


Started GET "/contacts" for 127.0.0.1 at 2013-06-20 07:40:52 +0530
Processing by ContactsController#index as HTML
  [1m[36mContact Load (0.1ms)[0m  [1mSELECT "contacts".* FROM "contacts" [0m
  Rendered contacts/index.html.erb within layouts/application (35.8ms)
Compiled contacts.css  (61ms)  (pid 51165)
Compiled scaffolds.css  (10ms)  (pid 51165)
Compiled application.css  (100ms)  (pid 51165)
Compiled jquery.js  (2ms)  (pid 51165)
Compiled jquery_ujs.js  (0ms)  (pid 51165)
Compiled contacts.js  (554ms)  (pid 51165)
Compiled application.js  (635ms)  (pid 51165)
Completed 200 OK in 1528ms (Views: 1329.0ms | ActiveRecord: 64.7ms)


Started GET "/assets/contacts.css?body=1" for 127.0.0.1 at 2013-06-20 07:40:54 +0530
Served asset /contacts.css - 200 OK (3ms)


Started GET "/assets/jquery_ujs.js?body=1" for 127.0.0.1 at 2013-06-20 07:40:54 +0530
Served asset /jquery_ujs.js - 304 Not Modified (4ms)


Started GET "/assets/contacts.js?body=1" for 127.0.0.1 at 2013-06-20 07:40:54 +0530
Served asset /contacts.js - 200 OK (1ms)


Started GET "/assets/jquery.js?body=1" for 127.0.0.1 at 2013-06-20 07:40:54 +0530
Served asset /jquery.js - 304 Not Modified (2ms)


Started GET "/assets/application.css?body=1" for 127.0.0.1 at 2013-06-20 07:40:54 +0530
Served asset /application.css - 304 Not Modified (44ms)


Started GET "/assets/scaffolds.css?body=1" for 127.0.0.1 at 2013-06-20 07:40:54 +0530
Served asset /scaffolds.css - 304 Not Modified (1ms)


Started GET "/assets/application.js?body=1" for 127.0.0.1 at 2013-06-20 07:40:54 +0530
Served asset /application.js - 304 Not Modified (4ms)
Connecting to database specified by database.yml
Connecting to database specified by database.yml
  [1m[36m (8.5ms)[0m  [1mSELECT "schema_migrations"."version" FROM "schema_migrations" [0m
Migrating to CreateContacts (20130620020742)
Migrating to AddAttachmentAvatarToContacts (20130620022915)
  [1m[35m (0.0ms)[0m  select sqlite_version(*)
  [1m[36m (0.0ms)[0m  [1mbegin transaction[0m
  [1m[35m (0.4ms)[0m  ALTER TABLE "contacts" ADD "avatar_file_name" varchar(255)
  [1m[36m (0.1ms)[0m  [1mALTER TABLE "contacts" ADD "avatar_content_type" varchar(255)[0m
  [1m[35m (0.1ms)[0m  ALTER TABLE "contacts" ADD "avatar_file_size" integer
  [1m[36m (0.1ms)[0m  [1mALTER TABLE "contacts" ADD "avatar_updated_at" datetime[0m
  [1m[35m (0.1ms)[0m  INSERT INTO "schema_migrations" ("version") VALUES ('20130620022915')
  [1m[36m (1.6ms)[0m  [1mcommit transaction[0m
  [1m[35m (0.1ms)[0m  SELECT "schema_migrations"."version" FROM "schema_migrations" 


Started GET "/contacts" for 127.0.0.1 at 2013-06-20 08:10:41 +0530
Processing by ContactsController#index as HTML
  [1m[35mContact Load (0.1ms)[0m  SELECT "contacts".* FROM "contacts" 
  Rendered contacts/index.html.erb within layouts/application (0.6ms)
Completed 200 OK in 13ms (Views: 10.5ms | ActiveRecord: 0.7ms)


Started GET "/assets/application.css?body=1" for 127.0.0.1 at 2013-06-20 08:10:41 +0530
Served asset /application.css - 304 Not Modified (0ms)


Started GET "/assets/contacts.css?body=1" for 127.0.0.1 at 2013-06-20 08:10:41 +0530
Served asset /contacts.css - 304 Not Modified (0ms)


Started GET "/assets/jquery_ujs.js?body=1" for 127.0.0.1 at 2013-06-20 08:10:41 +0530
Served asset /jquery_ujs.js - 304 Not Modified (0ms)


Started GET "/assets/jquery.js?body=1" for 127.0.0.1 at 2013-06-20 08:10:41 +0530
Served asset /jquery.js - 304 Not Modified (0ms)


Started GET "/assets/scaffolds.css?body=1" for 127.0.0.1 at 2013-06-20 08:10:41 +0530
Served asset /scaffolds.css - 304 Not Modified (0ms)


Started GET "/assets/contacts.js?body=1" for 127.0.0.1 at 2013-06-20 08:10:41 +0530
Served asset /contacts.js - 304 Not Modified (0ms)


Started GET "/assets/application.js?body=1" for 127.0.0.1 at 2013-06-20 08:10:41 +0530
Served asset /application.js - 304 Not Modified (0ms)


Started GET "/contacts/new" for 127.0.0.1 at 2013-06-20 08:10:44 +0530
Processing by ContactsController#new as HTML
  Rendered contacts/_form.html.erb (109.6ms)
  Rendered contacts/new.html.erb within layouts/application (142.9ms)
Completed 200 OK in 192ms (Views: 163.5ms | ActiveRecord: 0.0ms)


Started GET "/assets/application.css?body=1" for 127.0.0.1 at 2013-06-20 08:10:44 +0530
Served asset /application.css - 304 Not Modified (0ms)


Started GET "/assets/contacts.css?body=1" for 127.0.0.1 at 2013-06-20 08:10:44 +0530
Served asset /contacts.css - 304 Not Modified (0ms)


Started GET "/assets/jquery.js?body=1" for 127.0.0.1 at 2013-06-20 08:10:44 +0530
Served asset /jquery.js - 304 Not Modified (0ms)


Started GET "/assets/scaffolds.css?body=1" for 127.0.0.1 at 2013-06-20 08:10:44 +0530
Served asset /scaffolds.css - 304 Not Modified (0ms)


Started GET "/assets/contacts.js?body=1" for 127.0.0.1 at 2013-06-20 08:10:44 +0530
Served asset /contacts.js - 304 Not Modified (0ms)


Started GET "/assets/application.js?body=1" for 127.0.0.1 at 2013-06-20 08:10:44 +0530
Served asset /application.js - 304 Not Modified (0ms)


Started GET "/assets/jquery_ujs.js?body=1" for 127.0.0.1 at 2013-06-20 08:10:44 +0530
Served asset /jquery_ujs.js - 304 Not Modified (0ms)


Started POST "/contacts" for 127.0.0.1 at 2013-06-20 08:11:04 +0530
Processing by ContactsController#create as HTML
  Parameters: {"utf8"=>"✓", "authenticity_token"=>"PiDTalNSlAzVs5Nv0gR5p3A3FuFuLzYbzzvjborPkLI=", "contact"=>{"name"=>"", "telephone"=>"", "address"=>"", "avatar"=>#<ActionDispatch::Http::UploadedFile:0x007fec03d71f58 @original_filename="images.jpeg", @content_type="image/jpeg", @headers="Content-Disposition: form-data; name=\"contact[avatar]\"; filename=\"images.jpeg\"\r\nContent-Type: image/jpeg\r\n", @tempfile=#<File:/var/folders/x0/4f0hgm1j3k932_q3vxyn0ppc0000gp/T/RackMultipart20130620-51165-rx3n5d>>}, "commit"=>"Create Contact"}
Completed 500 Internal Server Error in 1ms

ActiveModel::MassAssignmentSecurity::Error (Can't mass-assign protected attributes: avatar):
  app/controllers/contacts_controller.rb:43:in `new'
  app/controllers/contacts_controller.rb:43:in `create'


  Rendered vendor/bundle/gems/actionpack-3.2.13/lib/action_dispatch/middleware/templates/rescues/_trace.erb (1.1ms)
  Rendered vendor/bundle/gems/actionpack-3.2.13/lib/action_dispatch/middleware/templates/rescues/_request_and_response.erb (1.1ms)
  Rendered vendor/bundle/gems/actionpack-3.2.13/lib/action_dispatch/middleware/templates/rescues/diagnostics.erb within rescues/layout (9.8ms)


Started GET "/contacts" for 127.0.0.1 at 2013-06-20 08:14:26 +0530

ActionController::RoutingError (undefined method `has_attached_file' for #<Class:0x007fec03bb8a18>):
  app/models/contact.rb:4:in `<class:Contact>'
  app/models/contact.rb:1:in `<top (required)>'
  app/controllers/contacts_controller.rb:1:in `<top (required)>'


  Rendered vendor/bundle/gems/actionpack-3.2.13/lib/action_dispatch/middleware/templates/rescues/routing_error.erb within rescues/layout (0.8ms)


Started GET "/contacts" for 127.0.0.1 at 2013-06-20 08:14:48 +0530

ActionController::RoutingError (undefined method `has_attached_file' for #<Class:0x007fec03dfd440>):
  app/models/contact.rb:4:in `<class:Contact>'
  app/models/contact.rb:1:in `<top (required)>'
  app/controllers/contacts_controller.rb:1:in `<top (required)>'


  Rendered vendor/bundle/gems/actionpack-3.2.13/lib/action_dispatch/middleware/templates/rescues/routing_error.erb within rescues/layout (0.9ms)


Started GET "/contacts" for 127.0.0.1 at 2013-06-20 08:14:54 +0530
Processing by ContactsController#index as HTML
  Rendered contacts/index.html.erb within layouts/application (54.7ms)
Completed 500 Internal Server Error in 57ms

ActionView::Template::Error (undefined method `each' for nil:NilClass):
    10:     <th></th>
    11:   </tr>
    12: 
    13: <% @contacts.each do |contact| %>
    14:   <tr>
    15:     <td><%= contact.name %></td>
    16:     <td><%= contact.telephone %></td>
  app/views/contacts/index.html.erb:13:in `_app_views_contacts_index_html_erb___3065735993637351728_70325824836180'


  Rendered vendor/bundle/gems/actionpack-3.2.13/lib/action_dispatch/middleware/templates/rescues/_trace.erb (1.4ms)
  Rendered vendor/bundle/gems/actionpack-3.2.13/lib/action_dispatch/middleware/templates/rescues/_request_and_response.erb (0.9ms)
  Rendered vendor/bundle/gems/actionpack-3.2.13/lib/action_dispatch/middleware/templates/rescues/template_error.erb within rescues/layout (9.9ms)


Started GET "/contacts" for 127.0.0.1 at 2013-06-20 08:24:10 +0530
Processing by ContactsController#index as HTML
  Rendered contacts/index.html.erb within layouts/application (0.5ms)
Completed 500 Internal Server Error in 2ms

ActionView::Template::Error (undefined method `each' for nil:NilClass):
    10:     <th></th>
    11:   </tr>
    12: 
    13: <% @contacts.each do |contact| %>
    14:   <tr>
    15:     <td><%= contact.name %></td>
    16:     <td><%= contact.telephone %></td>
  app/views/contacts/index.html.erb:13:in `_app_views_contacts_index_html_erb___3065735993637351728_70325824836180'


  Rendered vendor/bundle/gems/actionpack-3.2.13/lib/action_dispatch/middleware/templates/rescues/_trace.erb (1.0ms)
  Rendered vendor/bundle/gems/actionpack-3.2.13/lib/action_dispatch/middleware/templates/rescues/_request_and_response.erb (0.9ms)
  Rendered vendor/bundle/gems/actionpack-3.2.13/lib/action_dispatch/middleware/templates/rescues/template_error.erb within rescues/layout (7.3ms)


Started GET "/contacts" for 127.0.0.1 at 2013-06-20 08:24:16 +0530
Processing by ContactsController#index as HTML
  Rendered contacts/index.html.erb within layouts/application (0.8ms)
Completed 500 Internal Server Error in 3ms

ActionView::Template::Error (undefined method `each' for nil:NilClass):
    10:     <th></th>
    11:   </tr>
    12: 
    13: <% @contacts.each do |contact| %>
    14:   <tr>
    15:     <td><%= contact.name %></td>
    16:     <td><%= contact.telephone %></td>
  app/views/contacts/index.html.erb:13:in `_app_views_contacts_index_html_erb___3065735993637351728_70325824836180'


  Rendered vendor/bundle/gems/actionpack-3.2.13/lib/action_dispatch/middleware/templates/rescues/_trace.erb (1.1ms)
  Rendered vendor/bundle/gems/actionpack-3.2.13/lib/action_dispatch/middleware/templates/rescues/_request_and_response.erb (0.9ms)
  Rendered vendor/bundle/gems/actionpack-3.2.13/lib/action_dispatch/middleware/templates/rescues/template_error.erb within rescues/layout (7.9ms)


Started GET "/contacts" for 127.0.0.1 at 2013-06-20 08:24:25 +0530
Processing by ContactsController#index as HTML
  Rendered contacts/index.html.erb within layouts/application (0.5ms)
Completed 500 Internal Server Error in 2ms

ActionView::Template::Error (undefined method `each' for nil:NilClass):
    10:     <th></th>
    11:   </tr>
    12: 
    13: <% @contacts.each do |contact| %>
    14:   <tr>
    15:     <td><%= contact.name %></td>
    16:     <td><%= contact.telephone %></td>
  app/views/contacts/index.html.erb:13:in `_app_views_contacts_index_html_erb___3065735993637351728_70325824836180'


  Rendered vendor/bundle/gems/actionpack-3.2.13/lib/action_dispatch/middleware/templates/rescues/_trace.erb (1.1ms)
  Rendered vendor/bundle/gems/actionpack-3.2.13/lib/action_dispatch/middleware/templates/rescues/_request_and_response.erb (0.9ms)
  Rendered vendor/bundle/gems/actionpack-3.2.13/lib/action_dispatch/middleware/templates/rescues/template_error.erb within rescues/layout (39.0ms)


Started GET "/assets/rails.png" for 127.0.0.1 at 2013-06-20 08:24:40 +0530
Served asset /rails.png - 304 Not Modified (0ms)


Started GET "/contacts" for 127.0.0.1 at 2013-06-20 08:24:46 +0530
Processing by ContactsController#index as HTML
  Rendered contacts/index.html.erb within layouts/application (0.7ms)
Completed 500 Internal Server Error in 2ms

ActionView::Template::Error (undefined method `each' for nil:NilClass):
    10:     <th></th>
    11:   </tr>
    12: 
    13: <% @contacts.each do |contact| %>
    14:   <tr>
    15:     <td><%= contact.name %></td>
    16:     <td><%= contact.telephone %></td>
  app/views/contacts/index.html.erb:13:in `_app_views_contacts_index_html_erb___3065735993637351728_70325824836180'


  Rendered vendor/bundle/gems/actionpack-3.2.13/lib/action_dispatch/middleware/templates/rescues/_trace.erb (1.2ms)
  Rendered vendor/bundle/gems/actionpack-3.2.13/lib/action_dispatch/middleware/templates/rescues/_request_and_response.erb (0.8ms)
  Rendered vendor/bundle/gems/actionpack-3.2.13/lib/action_dispatch/middleware/templates/rescues/template_error.erb within rescues/layout (7.5ms)
Connecting to database specified by database.yml


Started GET "/assets/rails.png" for 127.0.0.1 at 2013-06-20 08:30:33 +0530
Served asset /rails.png - 304 Not Modified (20ms)


Started GET "/contacts/1/edit" for 127.0.0.1 at 2013-06-20 08:30:41 +0530
Processing by ContactsController#edit as HTML
  Parameters: {"id"=>"1"}
  [1m[36mContact Load (0.2ms)[0m  [1mSELECT "contacts".* FROM "contacts" WHERE "contacts"."id" = ? LIMIT 1[0m  [["id", "1"]]
Completed 404 Not Found in 107ms

ActiveRecord::RecordNotFound (Couldn't find Contact with id=1):
  app/controllers/contacts_controller.rb:37:in `edit'


  Rendered vendor/bundle/gems/actionpack-3.2.13/lib/action_dispatch/middleware/templates/rescues/_trace.erb (1.0ms)
  Rendered vendor/bundle/gems/actionpack-3.2.13/lib/action_dispatch/middleware/templates/rescues/_request_and_response.erb (0.9ms)
  Rendered vendor/bundle/gems/actionpack-3.2.13/lib/action_dispatch/middleware/templates/rescues/diagnostics.erb within rescues/layout (9.3ms)


Started GET "/contacts/" for 127.0.0.1 at 2013-06-20 08:30:49 +0530
Processing by ContactsController#index as HTML
  [1m[35mContact Load (0.2ms)[0m  SELECT "contacts".* FROM "contacts" 
  Rendered contacts/index.html.erb within layouts/application (1.1ms)
Completed 200 OK in 195ms (Views: 193.7ms | ActiveRecord: 0.2ms)


Started GET "/assets/scaffolds.css?body=1" for 127.0.0.1 at 2013-06-20 08:30:49 +0530
Served asset /scaffolds.css - 304 Not Modified (2ms)


Started GET "/assets/jquery_ujs.js?body=1" for 127.0.0.1 at 2013-06-20 08:30:49 +0530
Served asset /jquery_ujs.js - 304 Not Modified (1ms)


Started GET "/assets/contacts.css?body=1" for 127.0.0.1 at 2013-06-20 08:30:49 +0530
Served asset /contacts.css - 304 Not Modified (2ms)


Started GET "/assets/jquery.js?body=1" for 127.0.0.1 at 2013-06-20 08:30:49 +0530
Served asset /jquery.js - 304 Not Modified (2ms)


Started GET "/assets/application.css?body=1" for 127.0.0.1 at 2013-06-20 08:30:49 +0530
Served asset /application.css - 304 Not Modified (2ms)


Started GET "/assets/contacts.js?body=1" for 127.0.0.1 at 2013-06-20 08:30:49 +0530
Served asset /contacts.js - 304 Not Modified (1ms)


Started GET "/assets/application.js?body=1" for 127.0.0.1 at 2013-06-20 08:30:49 +0530
Served asset /application.js - 304 Not Modified (4ms)


Started GET "/contacts/new" for 127.0.0.1 at 2013-06-20 08:30:52 +0530
Processing by ContactsController#new as HTML
  Rendered contacts/_form.html.erb (47.2ms)
  Rendered contacts/new.html.erb within layouts/application (64.7ms)
Completed 200 OK in 91ms (Views: 82.7ms | ActiveRecord: 0.0ms)


Started GET "/assets/contacts.css?body=1" for 127.0.0.1 at 2013-06-20 08:30:52 +0530
Served asset /contacts.css - 304 Not Modified (0ms)


Started GET "/assets/application.css?body=1" for 127.0.0.1 at 2013-06-20 08:30:52 +0530
Served asset /application.css - 304 Not Modified (0ms)


Started GET "/assets/scaffolds.css?body=1" for 127.0.0.1 at 2013-06-20 08:30:52 +0530
Served asset /scaffolds.css - 304 Not Modified (0ms)


Started GET "/assets/jquery.js?body=1" for 127.0.0.1 at 2013-06-20 08:30:52 +0530
Served asset /jquery.js - 304 Not Modified (0ms)


Started GET "/assets/jquery_ujs.js?body=1" for 127.0.0.1 at 2013-06-20 08:30:52 +0530
Served asset /jquery_ujs.js - 304 Not Modified (0ms)


Started GET "/assets/contacts.js?body=1" for 127.0.0.1 at 2013-06-20 08:30:52 +0530
Served asset /contacts.js - 304 Not Modified (0ms)


Started GET "/assets/application.js?body=1" for 127.0.0.1 at 2013-06-20 08:30:52 +0530
Served asset /application.js - 304 Not Modified (0ms)


Started POST "/contacts" for 127.0.0.1 at 2013-06-20 08:31:07 +0530
Processing by ContactsController#create as HTML
  Parameters: {"utf8"=>"✓", "authenticity_token"=>"PiDTalNSlAzVs5Nv0gR5p3A3FuFuLzYbzzvjborPkLI=", "contact"=>{"name"=>"nandhini", "telephone"=>"", "address"=>"", "avatar"=>#<ActionDispatch::Http::UploadedFile:0x007fd6d58d4ab0 @original_filename="images.jpeg", @content_type="image/jpeg", @headers="Content-Disposition: form-data; name=\"contact[avatar]\"; filename=\"images.jpeg\"\r\nContent-Type: image/jpeg\r\n", @tempfile=#<File:/var/folders/x0/4f0hgm1j3k932_q3vxyn0ppc0000gp/T/RackMultipart20130620-51629-cjz2ew>>}, "commit"=>"Create Contact"}
Command :: identify -format %wx%h '/var/folders/x0/4f0hgm1j3k932_q3vxyn0ppc0000gp/T/stream20130620-51629-1cmcjsk.jpeg[0]'
Command :: convert '/var/folders/x0/4f0hgm1j3k932_q3vxyn0ppc0000gp/T/stream20130620-51629-1cmcjsk.jpeg[0]' -resize "300x300>" '/var/folders/x0/4f0hgm1j3k932_q3vxyn0ppc0000gp/T/stream20130620-51629-1cmcjsk20130620-51629-ceem5c'
Command :: identify -format %wx%h '/var/folders/x0/4f0hgm1j3k932_q3vxyn0ppc0000gp/T/stream20130620-51629-1cmcjsk.jpeg[0]'
Command :: convert '/var/folders/x0/4f0hgm1j3k932_q3vxyn0ppc0000gp/T/stream20130620-51629-1cmcjsk.jpeg[0]' -resize "100x100>" '/var/folders/x0/4f0hgm1j3k932_q3vxyn0ppc0000gp/T/stream20130620-51629-1cmcjsk20130620-51629-57p3to'
  [1m[36m (0.1ms)[0m  [1mbegin transaction[0m
Binary data inserted for `string` type on column `avatar_content_type`
  [1m[35mSQL (29.0ms)[0m  INSERT INTO "contacts" ("address", "avatar_content_type", "avatar_file_name", "avatar_file_size", "avatar_updated_at", "created_at", "name", "telephone", "updated_at") VALUES (?, ?, ?, ?, ?, ?, ?, ?, ?)  [["address", ""], ["avatar_content_type", "image/jpeg"], ["avatar_file_name", "images.jpeg"], ["avatar_file_size", 12428], ["avatar_updated_at", Thu, 20 Jun 2013 03:01:07 UTC +00:00], ["created_at", Thu, 20 Jun 2013 03:01:08 UTC +00:00], ["name", "nandhini"], ["telephone", ""], ["updated_at", Thu, 20 Jun 2013 03:01:08 UTC +00:00]]
[paperclip] Saving attachments.
[paperclip] saving /Users/tcs/Documents/agenda/public/system/avatars/1/original/images.jpeg
[paperclip] saving /Users/tcs/Documents/agenda/public/system/avatars/1/medium/images.jpeg
[paperclip] saving /Users/tcs/Documents/agenda/public/system/avatars/1/thumb/images.jpeg
  [1m[36m (1.7ms)[0m  [1mcommit transaction[0m
Redirected to http://localhost:3000/contacts/1
Completed 302 Found in 945ms (ActiveRecord: 30.8ms)


Started GET "/contacts/1" for 127.0.0.1 at 2013-06-20 08:31:08 +0530
Processing by ContactsController#show as HTML
  Parameters: {"id"=>"1"}
  [1m[35mContact Load (0.1ms)[0m  SELECT "contacts".* FROM "contacts" WHERE "contacts"."id" = ? LIMIT 1  [["id", "1"]]
  Rendered contacts/show.html.erb within layouts/application (2.1ms)
Completed 200 OK in 14ms (Views: 12.4ms | ActiveRecord: 0.1ms)


Started GET "/assets/application.css?body=1" for 127.0.0.1 at 2013-06-20 08:31:08 +0530
Served asset /application.css - 304 Not Modified (0ms)


Started GET "/assets/jquery.js?body=1" for 127.0.0.1 at 2013-06-20 08:31:08 +0530
Served asset /jquery.js - 304 Not Modified (0ms)


Started GET "/assets/scaffolds.css?body=1" for 127.0.0.1 at 2013-06-20 08:31:08 +0530
Served asset /scaffolds.css - 304 Not Modified (0ms)


Started GET "/assets/contacts.css?body=1" for 127.0.0.1 at 2013-06-20 08:31:08 +0530
Served asset /contacts.css - 304 Not Modified (0ms)


Started GET "/assets/contacts.js?body=1" for 127.0.0.1 at 2013-06-20 08:31:08 +0530
Served asset /contacts.js - 304 Not Modified (0ms)


Started GET "/assets/jquery_ujs.js?body=1" for 127.0.0.1 at 2013-06-20 08:31:08 +0530
Served asset /jquery_ujs.js - 304 Not Modified (0ms)


Started GET "/assets/application.js?body=1" for 127.0.0.1 at 2013-06-20 08:31:08 +0530
Served asset /application.js - 304 Not Modified (0ms)
Connecting to database specified by database.yml


Started GET "/contacts" for 127.0.0.1 at 2013-06-24 12:26:53 +0530
Processing by ContactsController#index as HTML
  [1m[36mContact Load (20.1ms)[0m  [1mSELECT "contacts".* FROM "contacts" [0m
  Rendered contacts/index.html.erb within layouts/application (24.5ms)
Completed 200 OK in 945ms (Views: 659.5ms | ActiveRecord: 74.0ms)


Started GET "/assets/contacts.js?body=1" for 127.0.0.1 at 2013-06-24 12:26:54 +0530
Served asset /contacts.js - 200 OK (2ms)


Started GET "/assets/contacts.css?body=1" for 127.0.0.1 at 2013-06-24 12:26:54 +0530
Served asset /contacts.css - 200 OK (3ms)


Started GET "/assets/jquery.js?body=1" for 127.0.0.1 at 2013-06-24 12:26:54 +0530
Served asset /jquery.js - 304 Not Modified (2ms)


Started GET "/assets/application.css?body=1" for 127.0.0.1 at 2013-06-24 12:26:54 +0530
Served asset /application.css - 304 Not Modified (4ms)


Started GET "/assets/jquery_ujs.js?body=1" for 127.0.0.1 at 2013-06-24 12:26:54 +0530
Served asset /jquery_ujs.js - 304 Not Modified (19ms)


Started GET "/assets/application.js?body=1" for 127.0.0.1 at 2013-06-24 12:26:54 +0530
Served asset /application.js - 304 Not Modified (5ms)


Started GET "/assets/scaffolds.css?body=1" for 127.0.0.1 at 2013-06-24 12:26:54 +0530
Served asset /scaffolds.css - 304 Not Modified (1ms)


Started GET "/contacts/1/edit" for 127.0.0.1 at 2013-06-24 12:27:02 +0530
Processing by ContactsController#edit as HTML
  Parameters: {"id"=>"1"}
  [1m[35mContact Load (0.3ms)[0m  SELECT "contacts".* FROM "contacts" WHERE "contacts"."id" = ? LIMIT 1  [["id", "1"]]
  Rendered contacts/_form.html.erb (169.8ms)
  Rendered contacts/edit.html.erb within layouts/application (187.9ms)
Completed 200 OK in 216ms (Views: 214.1ms | ActiveRecord: 0.3ms)


Started GET "/assets/application.css?body=1" for 127.0.0.1 at 2013-06-24 12:27:02 +0530
Served asset /application.css - 304 Not Modified (0ms)


Started GET "/assets/scaffolds.css?body=1" for 127.0.0.1 at 2013-06-24 12:27:02 +0530
Served asset /scaffolds.css - 304 Not Modified (0ms)


Started GET "/assets/application.js?body=1" for 127.0.0.1 at 2013-06-24 12:27:02 +0530
Served asset /application.js - 304 Not Modified (0ms)


Started GET "/assets/jquery_ujs.js?body=1" for 127.0.0.1 at 2013-06-24 12:27:02 +0530
Served asset /jquery_ujs.js - 304 Not Modified (0ms)


Started GET "/assets/jquery.js?body=1" for 127.0.0.1 at 2013-06-24 12:27:02 +0530
Served asset /jquery.js - 304 Not Modified (0ms)


Started PUT "/contacts" for 127.0.0.1 at 2013-06-24 12:27:27 +0530

ActionController::RoutingError (No route matches [PUT] "/contacts"):
  vendor/bundle/gems/actionpack-3.2.13/lib/action_dispatch/middleware/debug_exceptions.rb:21:in `call'
  vendor/bundle/gems/actionpack-3.2.13/lib/action_dispatch/middleware/show_exceptions.rb:56:in `call'
  vendor/bundle/gems/railties-3.2.13/lib/rails/rack/logger.rb:32:in `call_app'
  vendor/bundle/gems/railties-3.2.13/lib/rails/rack/logger.rb:16:in `block in call'
  vendor/bundle/gems/activesupport-3.2.13/lib/active_support/tagged_logging.rb:22:in `tagged'
  vendor/bundle/gems/railties-3.2.13/lib/rails/rack/logger.rb:16:in `call'
  vendor/bundle/gems/actionpack-3.2.13/lib/action_dispatch/middleware/request_id.rb:22:in `call'
  vendor/bundle/gems/rack-1.4.5/lib/rack/methodoverride.rb:21:in `call'
  vendor/bundle/gems/rack-1.4.5/lib/rack/runtime.rb:17:in `call'
  vendor/bundle/gems/activesupport-3.2.13/lib/active_support/cache/strategy/local_cache.rb:72:in `call'
  vendor/bundle/gems/rack-1.4.5/lib/rack/lock.rb:15:in `call'
  vendor/bundle/gems/actionpack-3.2.13/lib/action_dispatch/middleware/static.rb:63:in `call'
  vendor/bundle/gems/railties-3.2.13/lib/rails/engine.rb:479:in `call'
  vendor/bundle/gems/railties-3.2.13/lib/rails/application.rb:223:in `call'
  vendor/bundle/gems/rack-1.4.5/lib/rack/content_length.rb:14:in `call'
  vendor/bundle/gems/railties-3.2.13/lib/rails/rack/log_tailer.rb:17:in `call'
  vendor/bundle/gems/rack-1.4.5/lib/rack/handler/webrick.rb:59:in `service'
  /Users/tcs/.rbenv/versions/1.9.3-p392/lib/ruby/1.9.1/webrick/httpserver.rb:138:in `service'
  /Users/tcs/.rbenv/versions/1.9.3-p392/lib/ruby/1.9.1/webrick/httpserver.rb:94:in `run'
  /Users/tcs/.rbenv/versions/1.9.3-p392/lib/ruby/1.9.1/webrick/server.rb:191:in `block in start_thread'


  Rendered vendor/bundle/gems/actionpack-3.2.13/lib/action_dispatch/middleware/templates/rescues/routing_error.erb within rescues/layout (0.8ms)


Started PUT "/contacts" for 127.0.0.1 at 2013-06-24 12:27:51 +0530

ActionController::RoutingError (No route matches [PUT] "/contacts"):
  vendor/bundle/gems/actionpack-3.2.13/lib/action_dispatch/middleware/debug_exceptions.rb:21:in `call'
  vendor/bundle/gems/actionpack-3.2.13/lib/action_dispatch/middleware/show_exceptions.rb:56:in `call'
  vendor/bundle/gems/railties-3.2.13/lib/rails/rack/logger.rb:32:in `call_app'
  vendor/bundle/gems/railties-3.2.13/lib/rails/rack/logger.rb:16:in `block in call'
  vendor/bundle/gems/activesupport-3.2.13/lib/active_support/tagged_logging.rb:22:in `tagged'
  vendor/bundle/gems/railties-3.2.13/lib/rails/rack/logger.rb:16:in `call'
  vendor/bundle/gems/actionpack-3.2.13/lib/action_dispatch/middleware/request_id.rb:22:in `call'
  vendor/bundle/gems/rack-1.4.5/lib/rack/methodoverride.rb:21:in `call'
  vendor/bundle/gems/rack-1.4.5/lib/rack/runtime.rb:17:in `call'
  vendor/bundle/gems/activesupport-3.2.13/lib/active_support/cache/strategy/local_cache.rb:72:in `call'
  vendor/bundle/gems/rack-1.4.5/lib/rack/lock.rb:15:in `call'
  vendor/bundle/gems/actionpack-3.2.13/lib/action_dispatch/middleware/static.rb:63:in `call'
  vendor/bundle/gems/railties-3.2.13/lib/rails/engine.rb:479:in `call'
  vendor/bundle/gems/railties-3.2.13/lib/rails/application.rb:223:in `call'
  vendor/bundle/gems/rack-1.4.5/lib/rack/content_length.rb:14:in `call'
  vendor/bundle/gems/railties-3.2.13/lib/rails/rack/log_tailer.rb:17:in `call'
  vendor/bundle/gems/rack-1.4.5/lib/rack/handler/webrick.rb:59:in `service'
  /Users/tcs/.rbenv/versions/1.9.3-p392/lib/ruby/1.9.1/webrick/httpserver.rb:138:in `service'
  /Users/tcs/.rbenv/versions/1.9.3-p392/lib/ruby/1.9.1/webrick/httpserver.rb:94:in `run'
  /Users/tcs/.rbenv/versions/1.9.3-p392/lib/ruby/1.9.1/webrick/server.rb:191:in `block in start_thread'


  Rendered vendor/bundle/gems/actionpack-3.2.13/lib/action_dispatch/middleware/templates/rescues/routing_error.erb within rescues/layout (0.7ms)


Started GET "/contacts" for 127.0.0.1 at 2013-06-24 12:28:59 +0530
Processing by ContactsController#index as HTML
  [1m[36mContact Load (6.1ms)[0m  [1mSELECT "contacts".* FROM "contacts" [0m
  Rendered contacts/index.html.erb within layouts/application (1.6ms)
Completed 200 OK in 64ms (Views: 29.5ms | ActiveRecord: 6.5ms)


Started GET "/assets/application.css?body=1" for 127.0.0.1 at 2013-06-24 12:28:59 +0530
Served asset /application.css - 304 Not Modified (0ms)


Started GET "/assets/jquery_ujs.js?body=1" for 127.0.0.1 at 2013-06-24 12:28:59 +0530
Served asset /jquery_ujs.js - 304 Not Modified (0ms)


Started GET "/assets/scaffolds.css?body=1" for 127.0.0.1 at 2013-06-24 12:28:59 +0530
Served asset /scaffolds.css - 304 Not Modified (0ms)


Started GET "/assets/jquery.js?body=1" for 127.0.0.1 at 2013-06-24 12:28:59 +0530
Served asset /jquery.js - 304 Not Modified (0ms)


Started GET "/assets/application.js?body=1" for 127.0.0.1 at 2013-06-24 12:28:59 +0530
Served asset /application.js - 304 Not Modified (0ms)


Started GET "/contacts/1/edit" for 127.0.0.1 at 2013-06-24 12:29:04 +0530
Processing by ContactsController#edit as HTML
  Parameters: {"id"=>"1"}
  [1m[35mContact Load (0.2ms)[0m  SELECT "contacts".* FROM "contacts" WHERE "contacts"."id" = ? LIMIT 1  [["id", "1"]]
  Rendered contacts/_form.html.erb (3.4ms)
  Rendered contacts/edit.html.erb within layouts/application (4.5ms)
Completed 200 OK in 31ms (Views: 29.6ms | ActiveRecord: 0.2ms)


Started GET "/assets/application.css?body=1" for 127.0.0.1 at 2013-06-24 12:29:04 +0530
Served asset /application.css - 304 Not Modified (0ms)


Started GET "/assets/scaffolds.css?body=1" for 127.0.0.1 at 2013-06-24 12:29:04 +0530
Served asset /scaffolds.css - 304 Not Modified (0ms)


Started GET "/assets/jquery.js?body=1" for 127.0.0.1 at 2013-06-24 12:29:04 +0530
Served asset /jquery.js - 304 Not Modified (0ms)


Started GET "/assets/application.js?body=1" for 127.0.0.1 at 2013-06-24 12:29:04 +0530
Served asset /application.js - 304 Not Modified (0ms)


Started GET "/assets/jquery_ujs.js?body=1" for 127.0.0.1 at 2013-06-24 12:29:04 +0530
Served asset /jquery_ujs.js - 304 Not Modified (0ms)


Started PUT "/contacts" for 127.0.0.1 at 2013-06-24 12:29:13 +0530

ActionController::RoutingError (No route matches [PUT] "/contacts"):
  vendor/bundle/gems/actionpack-3.2.13/lib/action_dispatch/middleware/debug_exceptions.rb:21:in `call'
  vendor/bundle/gems/actionpack-3.2.13/lib/action_dispatch/middleware/show_exceptions.rb:56:in `call'
  vendor/bundle/gems/railties-3.2.13/lib/rails/rack/logger.rb:32:in `call_app'
  vendor/bundle/gems/railties-3.2.13/lib/rails/rack/logger.rb:16:in `block in call'
  vendor/bundle/gems/activesupport-3.2.13/lib/active_support/tagged_logging.rb:22:in `tagged'
  vendor/bundle/gems/railties-3.2.13/lib/rails/rack/logger.rb:16:in `call'
  vendor/bundle/gems/actionpack-3.2.13/lib/action_dispatch/middleware/request_id.rb:22:in `call'
  vendor/bundle/gems/rack-1.4.5/lib/rack/methodoverride.rb:21:in `call'
  vendor/bundle/gems/rack-1.4.5/lib/rack/runtime.rb:17:in `call'
  vendor/bundle/gems/activesupport-3.2.13/lib/active_support/cache/strategy/local_cache.rb:72:in `call'
  vendor/bundle/gems/rack-1.4.5/lib/rack/lock.rb:15:in `call'
  vendor/bundle/gems/actionpack-3.2.13/lib/action_dispatch/middleware/static.rb:63:in `call'
  vendor/bundle/gems/railties-3.2.13/lib/rails/engine.rb:479:in `call'
  vendor/bundle/gems/railties-3.2.13/lib/rails/application.rb:223:in `call'
  vendor/bundle/gems/rack-1.4.5/lib/rack/content_length.rb:14:in `call'
  vendor/bundle/gems/railties-3.2.13/lib/rails/rack/log_tailer.rb:17:in `call'
  vendor/bundle/gems/rack-1.4.5/lib/rack/handler/webrick.rb:59:in `service'
  /Users/tcs/.rbenv/versions/1.9.3-p392/lib/ruby/1.9.1/webrick/httpserver.rb:138:in `service'
  /Users/tcs/.rbenv/versions/1.9.3-p392/lib/ruby/1.9.1/webrick/httpserver.rb:94:in `run'
  /Users/tcs/.rbenv/versions/1.9.3-p392/lib/ruby/1.9.1/webrick/server.rb:191:in `block in start_thread'


  Rendered vendor/bundle/gems/actionpack-3.2.13/lib/action_dispatch/middleware/templates/rescues/routing_error.erb within rescues/layout (0.7ms)
Connecting to database specified by database.yml
Connecting to database specified by database.yml


Started GET "/assets/rails.png" for 127.0.0.1 at 2013-06-24 12:37:11 +0530
Served asset /rails.png - 304 Not Modified (15ms)


Started GET "/contacts" for 127.0.0.1 at 2013-06-24 12:37:16 +0530
Processing by ContactsController#index as HTML
  [1m[36mContact Load (36.6ms)[0m  [1mSELECT "contacts".* FROM "contacts" [0m
  Rendered contacts/index.html.erb within layouts/application (26.8ms)
Completed 200 OK in 324ms (Views: 194.8ms | ActiveRecord: 39.0ms)


Started GET "/assets/application.css?body=1" for 127.0.0.1 at 2013-06-24 12:37:17 +0530
Served asset /application.css - 304 Not Modified (21ms)


Started GET "/assets/scaffolds.css?body=1" for 127.0.0.1 at 2013-06-24 12:37:17 +0530
Served asset /scaffolds.css - 304 Not Modified (2ms)


Started GET "/assets/jquery.js?body=1" for 127.0.0.1 at 2013-06-24 12:37:17 +0530
Served asset /jquery.js - 304 Not Modified (12ms)


Started GET "/assets/jquery_ujs.js?body=1" for 127.0.0.1 at 2013-06-24 12:37:17 +0530
Served asset /jquery_ujs.js - 304 Not Modified (1ms)


Started GET "/assets/application.js?body=1" for 127.0.0.1 at 2013-06-24 12:37:17 +0530
Served asset /application.js - 304 Not Modified (4ms)


Started GET "/contacts/1" for 127.0.0.1 at 2013-06-24 12:37:19 +0530
Processing by ContactsController#show as HTML
  Parameters: {"id"=>"1"}
  [1m[35mContact Load (0.3ms)[0m  SELECT "contacts".* FROM "contacts" WHERE "contacts"."id" = ? LIMIT 1  [["id", "1"]]
  Rendered contacts/show.html.erb within layouts/application (1.8ms)
Completed 200 OK in 31ms (Views: 28.8ms | ActiveRecord: 0.3ms)


Started GET "/assets/application.css?body=1" for 127.0.0.1 at 2013-06-24 12:37:19 +0530
Served asset /application.css - 304 Not Modified (0ms)


Started GET "/assets/scaffolds.css?body=1" for 127.0.0.1 at 2013-06-24 12:37:19 +0530
Served asset /scaffolds.css - 304 Not Modified (0ms)


Started GET "/assets/jquery_ujs.js?body=1" for 127.0.0.1 at 2013-06-24 12:37:19 +0530
Served asset /jquery_ujs.js - 304 Not Modified (0ms)


Started GET "/assets/application.js?body=1" for 127.0.0.1 at 2013-06-24 12:37:19 +0530
Served asset /application.js - 304 Not Modified (0ms)


Started GET "/assets/jquery.js?body=1" for 127.0.0.1 at 2013-06-24 12:37:19 +0530
Served asset /jquery.js - 304 Not Modified (0ms)


Started GET "/contacts/1/edit" for 127.0.0.1 at 2013-06-24 12:37:24 +0530
Processing by ContactsController#edit as HTML
  Parameters: {"id"=>"1"}
  [1m[36mContact Load (0.1ms)[0m  [1mSELECT "contacts".* FROM "contacts" WHERE "contacts"."id" = ? LIMIT 1[0m  [["id", "1"]]
  Rendered contacts/_form.html.erb (102.9ms)
  Rendered contacts/edit.html.erb within layouts/application (120.6ms)
Completed 200 OK in 194ms (Views: 192.1ms | ActiveRecord: 0.1ms)


Started GET "/assets/application.css?body=1" for 127.0.0.1 at 2013-06-24 12:37:24 +0530
Served asset /application.css - 304 Not Modified (0ms)


Started GET "/assets/application.js?body=1" for 127.0.0.1 at 2013-06-24 12:37:24 +0530
Served asset /application.js - 304 Not Modified (0ms)


Started GET "/assets/jquery.js?body=1" for 127.0.0.1 at 2013-06-24 12:37:24 +0530
Served asset /jquery.js - 304 Not Modified (0ms)


Started GET "/assets/scaffolds.css?body=1" for 127.0.0.1 at 2013-06-24 12:37:24 +0530
Served asset /scaffolds.css - 304 Not Modified (0ms)


Started GET "/assets/jquery_ujs.js?body=1" for 127.0.0.1 at 2013-06-24 12:37:24 +0530
Served asset /jquery_ujs.js - 304 Not Modified (0ms)


Started PUT "/contacts" for 127.0.0.1 at 2013-06-24 12:38:09 +0530

ActionController::RoutingError (No route matches [PUT] "/contacts"):
  vendor/bundle/gems/actionpack-3.2.13/lib/action_dispatch/middleware/debug_exceptions.rb:21:in `call'
  vendor/bundle/gems/actionpack-3.2.13/lib/action_dispatch/middleware/show_exceptions.rb:56:in `call'
  vendor/bundle/gems/railties-3.2.13/lib/rails/rack/logger.rb:32:in `call_app'
  vendor/bundle/gems/railties-3.2.13/lib/rails/rack/logger.rb:16:in `block in call'
  vendor/bundle/gems/activesupport-3.2.13/lib/active_support/tagged_logging.rb:22:in `tagged'
  vendor/bundle/gems/railties-3.2.13/lib/rails/rack/logger.rb:16:in `call'
  vendor/bundle/gems/actionpack-3.2.13/lib/action_dispatch/middleware/request_id.rb:22:in `call'
  vendor/bundle/gems/rack-1.4.5/lib/rack/methodoverride.rb:21:in `call'
  vendor/bundle/gems/rack-1.4.5/lib/rack/runtime.rb:17:in `call'
  vendor/bundle/gems/activesupport-3.2.13/lib/active_support/cache/strategy/local_cache.rb:72:in `call'
  vendor/bundle/gems/rack-1.4.5/lib/rack/lock.rb:15:in `call'
  vendor/bundle/gems/actionpack-3.2.13/lib/action_dispatch/middleware/static.rb:63:in `call'
  vendor/bundle/gems/railties-3.2.13/lib/rails/engine.rb:479:in `call'
  vendor/bundle/gems/railties-3.2.13/lib/rails/application.rb:223:in `call'
  vendor/bundle/gems/rack-1.4.5/lib/rack/content_length.rb:14:in `call'
  vendor/bundle/gems/railties-3.2.13/lib/rails/rack/log_tailer.rb:17:in `call'
  vendor/bundle/gems/rack-1.4.5/lib/rack/handler/webrick.rb:59:in `service'
  /Users/tcs/.rbenv/versions/1.9.3-p392/lib/ruby/1.9.1/webrick/httpserver.rb:138:in `service'
  /Users/tcs/.rbenv/versions/1.9.3-p392/lib/ruby/1.9.1/webrick/httpserver.rb:94:in `run'
  /Users/tcs/.rbenv/versions/1.9.3-p392/lib/ruby/1.9.1/webrick/server.rb:191:in `block in start_thread'


  Rendered vendor/bundle/gems/actionpack-3.2.13/lib/action_dispatch/middleware/templates/rescues/routing_error.erb within rescues/layout (0.6ms)
Connecting to database specified by database.yml
Connecting to database specified by database.yml


Started GET "/contacts/1/edit" for 127.0.0.1 at 2013-06-24 12:52:35 +0530
Processing by ContactsController#edit as HTML
  Parameters: {"id"=>"1"}
  [1m[36mContact Load (9.5ms)[0m  [1mSELECT "contacts".* FROM "contacts" WHERE "contacts"."id" = ? LIMIT 1[0m  [["id", "1"]]
  Rendered contacts/_form.html.erb (73.9ms)
  Rendered contacts/edit.html.erb within layouts/application (91.9ms)
Completed 200 OK in 546ms (Views: 471.1ms | ActiveRecord: 11.4ms)


Started GET "/assets/contacts.css?body=1" for 127.0.0.1 at 2013-06-24 12:52:36 +0530
Served asset /contacts.css - 304 Not Modified (7ms)


Started GET "/assets/jquery.js?body=1" for 127.0.0.1 at 2013-06-24 12:52:36 +0530
Served asset /jquery.js - 304 Not Modified (3ms)


Started GET "/assets/scaffolds.css?body=1" for 127.0.0.1 at 2013-06-24 12:52:36 +0530
Served asset /scaffolds.css - 304 Not Modified (1ms)


Started GET "/assets/contacts.js?body=1" for 127.0.0.1 at 2013-06-24 12:52:36 +0530
Served asset /contacts.js - 304 Not Modified (1ms)


Started GET "/assets/application.css?body=1" for 127.0.0.1 at 2013-06-24 12:52:36 +0530
Served asset /application.css - 304 Not Modified (2ms)


Started GET "/assets/jquery_ujs.js?body=1" for 127.0.0.1 at 2013-06-24 12:52:36 +0530
Served asset /jquery_ujs.js - 304 Not Modified (18ms)


Started GET "/assets/application.js?body=1" for 127.0.0.1 at 2013-06-24 12:52:36 +0530
Served asset /application.js - 304 Not Modified (33ms)


Started PUT "/contacts" for 127.0.0.1 at 2013-06-24 12:52:58 +0530

ActionController::RoutingError (No route matches [PUT] "/contacts"):
  vendor/bundle/gems/actionpack-3.2.13/lib/action_dispatch/middleware/debug_exceptions.rb:21:in `call'
  vendor/bundle/gems/actionpack-3.2.13/lib/action_dispatch/middleware/show_exceptions.rb:56:in `call'
  vendor/bundle/gems/railties-3.2.13/lib/rails/rack/logger.rb:32:in `call_app'
  vendor/bundle/gems/railties-3.2.13/lib/rails/rack/logger.rb:16:in `block in call'
  vendor/bundle/gems/activesupport-3.2.13/lib/active_support/tagged_logging.rb:22:in `tagged'
  vendor/bundle/gems/railties-3.2.13/lib/rails/rack/logger.rb:16:in `call'
  vendor/bundle/gems/actionpack-3.2.13/lib/action_dispatch/middleware/request_id.rb:22:in `call'
  vendor/bundle/gems/rack-1.4.5/lib/rack/methodoverride.rb:21:in `call'
  vendor/bundle/gems/rack-1.4.5/lib/rack/runtime.rb:17:in `call'
  vendor/bundle/gems/activesupport-3.2.13/lib/active_support/cache/strategy/local_cache.rb:72:in `call'
  vendor/bundle/gems/rack-1.4.5/lib/rack/lock.rb:15:in `call'
  vendor/bundle/gems/actionpack-3.2.13/lib/action_dispatch/middleware/static.rb:63:in `call'
  vendor/bundle/gems/railties-3.2.13/lib/rails/engine.rb:479:in `call'
  vendor/bundle/gems/railties-3.2.13/lib/rails/application.rb:223:in `call'
  vendor/bundle/gems/rack-1.4.5/lib/rack/content_length.rb:14:in `call'
  vendor/bundle/gems/railties-3.2.13/lib/rails/rack/log_tailer.rb:17:in `call'
  vendor/bundle/gems/rack-1.4.5/lib/rack/handler/webrick.rb:59:in `service'
  /Users/tcs/.rbenv/versions/1.9.3-p392/lib/ruby/1.9.1/webrick/httpserver.rb:138:in `service'
  /Users/tcs/.rbenv/versions/1.9.3-p392/lib/ruby/1.9.1/webrick/httpserver.rb:94:in `run'
  /Users/tcs/.rbenv/versions/1.9.3-p392/lib/ruby/1.9.1/webrick/server.rb:191:in `block in start_thread'


  Rendered vendor/bundle/gems/actionpack-3.2.13/lib/action_dispatch/middleware/templates/rescues/routing_error.erb within rescues/layout (0.6ms)
